<xml><publisher><publisher_name>American Psychological Association (APA)</publisher_name><prefix_name>American Psychological Association</prefix_name><publisher_location>Washington, DC, United States</publisher_location><member_id>15</member_id><member_type>Member Publisher</member_type><annual_fee>14000</annual_fee><date_joined>2000-07-01</date_joined><other_prefixes><prefix>10.1037</prefix></other_prefixes></publisher></xml>